2024-08-15 02:39:29 Information - CPU: 57.8% | Mem: 24.1% | Disk: 16.0% | Net: RX 0.00KB/s, TX 0.00KB/s
----------------------------------------------------
2024-08-15 02:42:03 Information - CPU: 69.2% | Mem: 24.9% | Disk: 16.0% | Net: RX 0.84KB/s, TX 0.25KB/s
----------------------------------------------------
2024-08-15 13:57:05 Information - CPU: 0.2% | Mem: 6.6% | Disk: 16.0% | Net: RX 0.00KB/s, TX 0.00KB/s
----------------------------------------------------
2024-08-15 14:06:03 Information - CPU: 2.5% | Mem: 17.6% | Disk: 16.1% | Net: RX 0.00KB/s, TX 0.00KB/s
----------------------------------------------------
2024-08-15 14:09:03 Information - CPU: 1.8% | Mem: 17.8% | Disk: 16.1% | Net: RX 0.00KB/s, TX 0.00KB/s
----------------------------------------------------
2024-08-15 14:12:03 Information - CPU: 1.8% | Mem: 18.0% | Disk: 16.1% | Net: RX 0.00KB/s, TX 0.00KB/s
----------------------------------------------------
2024-08-15 14:15:04 Information - CPU: 0.3% | Mem: 18.0% | Disk: 16.1% | Net: RX 0.00KB/s, TX 0.00KB/s
----------------------------------------------------
2024-08-15 14:18:03 Information - CPU: 1.3% | Mem: 17.7% | Disk: 16.1% | Net: RX 0.00KB/s, TX 0.00KB/s
----------------------------------------------------
2024-08-15 14:21:03 Information - CPU: 61.4% | Mem: 19.1% | Disk: 16.1% | Net: RX 0.59KB/s, TX 4.98KB/s
----------------------------------------------------
2024-08-15 14:24:03 Information - CPU: 29.5% | Mem: 19.2% | Disk: 16.1% | Net: RX 5.65KB/s, TX 5.09KB/s
----------------------------------------------------
2024-08-15 14:27:03 Information - CPU: 0.8% | Mem: 19.1% | Disk: 16.1% | Net: RX 0.00KB/s, TX 0.00KB/s
----------------------------------------------------
2024-08-15 14:30:03 Information - CPU: 0.5% | Mem: 18.7% | Disk: 16.1% | Net: RX 0.00KB/s, TX 0.00KB/s
----------------------------------------------------
2024-08-15 14:33:03 Information - CPU: 0.5% | Mem: 18.7% | Disk: 16.1% | Net: RX 0.00KB/s, TX 0.00KB/s
----------------------------------------------------
2024-08-15 14:36:03 Information - CPU: 0.8% | Mem: 18.6% | Disk: 16.1% | Net: RX 0.00KB/s, TX 0.00KB/s
----------------------------------------------------
2024-08-15 14:39:03 Information - CPU: 1.0% | Mem: 18.7% | Disk: 16.1% | Net: RX 0.00KB/s, TX 0.00KB/s
----------------------------------------------------
2024-08-15 14:42:03 Information - CPU: 1.0% | Mem: 18.6% | Disk: 16.1% | Net: RX 0.00KB/s, TX 0.00KB/s
----------------------------------------------------
2024-08-15 14:45:03 Information - CPU: 0.7% | Mem: 18.6% | Disk: 16.1% | Net: RX 0.00KB/s, TX 0.00KB/s
----------------------------------------------------
2024-08-15 14:48:03 Information - CPU: 0.8% | Mem: 18.6% | Disk: 16.1% | Net: RX 0.00KB/s, TX 0.00KB/s
----------------------------------------------------
2024-08-15 14:51:03 Information - CPU: 1.2% | Mem: 18.7% | Disk: 16.1% | Net: RX 0.00KB/s, TX 0.00KB/s
----------------------------------------------------
2024-08-15 14:54:03 Information - CPU: 0.0% | Mem: 18.6% | Disk: 16.1% | Net: RX 0.00KB/s, TX 0.00KB/s
----------------------------------------------------
2024-08-15 14:57:03 Information - CPU: 0.8% | Mem: 18.5% | Disk: 16.1% | Net: RX 0.00KB/s, TX 0.00KB/s
----------------------------------------------------
2024-08-15 15:00:03 Information - CPU: 23.3% | Mem: 19.6% | Disk: 17.2% | Net: RX 0.00KB/s, TX 0.00KB/s
----------------------------------------------------
2024-08-15 15:03:03 Information - CPU: 1.0% | Mem: 19.0% | Disk: 16.1% | Net: RX 0.00KB/s, TX 0.00KB/s
----------------------------------------------------
2024-08-15 15:06:03 Information - CPU: 1.0% | Mem: 18.9% | Disk: 16.1% | Net: RX 0.00KB/s, TX 0.00KB/s
----------------------------------------------------
2024-08-15 15:09:03 Information - CPU: 2.0% | Mem: 18.8% | Disk: 16.1% | Net: RX 0.00KB/s, TX 0.00KB/s
----------------------------------------------------
2024-08-15 15:12:03 Information - CPU: 1.0% | Mem: 18.8% | Disk: 16.1% | Net: RX 0.00KB/s, TX 0.00KB/s
----------------------------------------------------
2024-08-15 15:15:03 Information - CPU: 1.0% | Mem: 18.8% | Disk: 16.1% | Net: RX 0.00KB/s, TX 0.00KB/s
----------------------------------------------------
2024-08-15 15:18:03 Information - CPU: 1.0% | Mem: 18.7% | Disk: 16.1% | Net: RX 0.00KB/s, TX 0.00KB/s
----------------------------------------------------
2024-08-15 15:21:03 Information - CPU: 1.2% | Mem: 18.8% | Disk: 16.1% | Net: RX 0.00KB/s, TX 0.00KB/s
----------------------------------------------------
2024-08-15 15:24:03 Information - CPU: 1.2% | Mem: 18.8% | Disk: 16.1% | Net: RX 0.00KB/s, TX 0.00KB/s
----------------------------------------------------
2024-08-15 15:27:04 Information - CPU: 0.5% | Mem: 18.8% | Disk: 16.1% | Net: RX 0.00KB/s, TX 0.00KB/s
----------------------------------------------------
2024-08-15 15:30:03 Information - CPU: 1.5% | Mem: 18.8% | Disk: 16.1% | Net: RX 0.00KB/s, TX 0.00KB/s
----------------------------------------------------
2024-08-15 15:33:03 Information - CPU: 1.8% | Mem: 18.8% | Disk: 16.1% | Net: RX 0.00KB/s, TX 0.00KB/s
----------------------------------------------------
2024-08-15 15:36:03 Information - CPU: 0.8% | Mem: 18.9% | Disk: 16.1% | Net: RX 0.00KB/s, TX 0.00KB/s
----------------------------------------------------
2024-08-15 15:39:03 Information - CPU: 1.8% | Mem: 18.8% | Disk: 16.1% | Net: RX 0.00KB/s, TX 0.00KB/s
----------------------------------------------------
2024-08-15 15:42:03 Information - CPU: 0.5% | Mem: 18.9% | Disk: 16.1% | Net: RX 0.00KB/s, TX 0.00KB/s
----------------------------------------------------
2024-08-15 15:45:03 Information - CPU: 0.3% | Mem: 18.9% | Disk: 16.1% | Net: RX 0.00KB/s, TX 0.00KB/s
----------------------------------------------------
2024-08-15 15:48:03 Information - CPU: 1.1% | Mem: 18.7% | Disk: 16.1% | Net: RX 0.00KB/s, TX 0.00KB/s
----------------------------------------------------
2024-08-15 15:51:03 Information - CPU: 0.8% | Mem: 18.8% | Disk: 16.1% | Net: RX 0.00KB/s, TX 0.00KB/s
----------------------------------------------------
2024-08-15 15:54:03 Information - CPU: 1.8% | Mem: 18.8% | Disk: 16.1% | Net: RX 0.00KB/s, TX 0.00KB/s
----------------------------------------------------
2024-08-15 15:57:03 Information - CPU: 2.0% | Mem: 18.9% | Disk: 16.1% | Net: RX 0.00KB/s, TX 0.00KB/s
----------------------------------------------------
2024-08-15 16:00:03 Information - CPU: 0.8% | Mem: 18.8% | Disk: 16.1% | Net: RX 0.00KB/s, TX 0.00KB/s
----------------------------------------------------
2024-08-15 16:03:03 Information - CPU: 0.8% | Mem: 18.9% | Disk: 16.1% | Net: RX 0.00KB/s, TX 0.00KB/s
----------------------------------------------------
2024-08-15 16:06:03 Information - CPU: 1.3% | Mem: 18.9% | Disk: 16.1% | Net: RX 0.00KB/s, TX 0.00KB/s
----------------------------------------------------
2024-08-15 16:09:03 Information - CPU: 0.5% | Mem: 18.8% | Disk: 16.1% | Net: RX 0.00KB/s, TX 0.00KB/s
----------------------------------------------------
2024-08-15 16:12:03 Information - CPU: 0.8% | Mem: 18.8% | Disk: 16.1% | Net: RX 0.00KB/s, TX 0.00KB/s
----------------------------------------------------
2024-08-15 16:15:03 Information - CPU: 1.2% | Mem: 18.7% | Disk: 16.1% | Net: RX 0.00KB/s, TX 0.00KB/s
----------------------------------------------------
2024-08-15 16:18:03 Information - CPU: 1.0% | Mem: 18.8% | Disk: 16.1% | Net: RX 0.00KB/s, TX 0.00KB/s
----------------------------------------------------
2024-08-15 16:21:03 Information - CPU: 1.0% | Mem: 18.9% | Disk: 16.1% | Net: RX 0.00KB/s, TX 0.00KB/s
----------------------------------------------------
2024-08-15 16:24:04 Information - CPU: 1.0% | Mem: 18.9% | Disk: 16.1% | Net: RX 0.00KB/s, TX 0.00KB/s
----------------------------------------------------
2024-08-15 16:27:03 Information - CPU: 1.5% | Mem: 18.9% | Disk: 16.1% | Net: RX 0.00KB/s, TX 0.00KB/s
----------------------------------------------------
2024-08-15 16:30:03 Information - CPU: 0.7% | Mem: 18.9% | Disk: 16.1% | Net: RX 0.00KB/s, TX 0.00KB/s
----------------------------------------------------
2024-08-15 16:33:03 Information - CPU: 1.0% | Mem: 18.8% | Disk: 16.1% | Net: RX 0.00KB/s, TX 0.00KB/s
----------------------------------------------------
2024-08-15 16:36:03 Information - CPU: 1.3% | Mem: 18.8% | Disk: 16.1% | Net: RX 0.00KB/s, TX 0.00KB/s
----------------------------------------------------
2024-08-15 16:39:04 Information - CPU: 0.8% | Mem: 18.8% | Disk: 16.1% | Net: RX 0.00KB/s, TX 0.00KB/s
----------------------------------------------------
2024-08-15 16:42:03 Information - CPU: 1.3% | Mem: 18.9% | Disk: 16.1% | Net: RX 0.00KB/s, TX 0.00KB/s
----------------------------------------------------
2024-08-15 16:45:03 Information - CPU: 1.2% | Mem: 18.7% | Disk: 16.1% | Net: RX 0.00KB/s, TX 0.00KB/s
----------------------------------------------------
2024-08-15 16:48:03 Information - CPU: 0.5% | Mem: 18.8% | Disk: 16.1% | Net: RX 0.00KB/s, TX 0.00KB/s
----------------------------------------------------
2024-08-15 16:51:03 Information - CPU: 1.0% | Mem: 18.8% | Disk: 16.1% | Net: RX 0.00KB/s, TX 0.00KB/s
----------------------------------------------------
2024-08-15 16:54:04 Information - CPU: 1.5% | Mem: 18.9% | Disk: 16.1% | Net: RX 0.00KB/s, TX 0.00KB/s
----------------------------------------------------
2024-08-15 16:57:03 Information - CPU: 0.8% | Mem: 18.7% | Disk: 16.1% | Net: RX 0.00KB/s, TX 0.00KB/s
----------------------------------------------------
2024-08-15 17:00:03 Information - CPU: 1.3% | Mem: 18.7% | Disk: 16.1% | Net: RX 0.00KB/s, TX 0.00KB/s
----------------------------------------------------
2024-08-15 17:03:03 Information - CPU: 1.8% | Mem: 18.7% | Disk: 16.1% | Net: RX 0.00KB/s, TX 0.00KB/s
----------------------------------------------------
2024-08-15 17:06:04 Information - CPU: 0.5% | Mem: 18.8% | Disk: 16.1% | Net: RX 0.00KB/s, TX 0.00KB/s
----------------------------------------------------
2024-08-15 17:09:03 Information - CPU: 0.8% | Mem: 18.8% | Disk: 16.1% | Net: RX 0.00KB/s, TX 0.00KB/s
----------------------------------------------------
2024-08-15 17:12:03 Information - CPU: 0.9% | Mem: 18.8% | Disk: 16.1% | Net: RX 0.00KB/s, TX 0.00KB/s
----------------------------------------------------
2024-08-15 17:15:03 Information - CPU: 1.0% | Mem: 18.9% | Disk: 16.1% | Net: RX 0.00KB/s, TX 0.00KB/s
----------------------------------------------------
2024-08-15 17:18:03 Information - CPU: 0.5% | Mem: 18.8% | Disk: 16.1% | Net: RX 0.00KB/s, TX 0.00KB/s
----------------------------------------------------
2024-08-15 17:21:03 Information - CPU: 1.8% | Mem: 18.9% | Disk: 16.1% | Net: RX 0.00KB/s, TX 0.00KB/s
----------------------------------------------------
2024-08-15 17:24:03 Information - CPU: 1.5% | Mem: 18.8% | Disk: 16.1% | Net: RX 0.00KB/s, TX 0.00KB/s
----------------------------------------------------
2024-08-15 17:27:03 Information - CPU: 2.3% | Mem: 18.8% | Disk: 16.1% | Net: RX 0.00KB/s, TX 0.00KB/s
----------------------------------------------------
2024-08-15 17:30:04 Information - CPU: 1.4% | Mem: 18.9% | Disk: 16.1% | Net: RX 0.00KB/s, TX 0.00KB/s
----------------------------------------------------
2024-08-15 17:33:03 Information - CPU: 1.7% | Mem: 18.7% | Disk: 16.1% | Net: RX 0.00KB/s, TX 0.00KB/s
----------------------------------------------------
2024-08-15 17:36:03 Information - CPU: 1.0% | Mem: 18.8% | Disk: 16.1% | Net: RX 0.00KB/s, TX 0.00KB/s
----------------------------------------------------
2024-08-15 17:39:03 Information - CPU: 1.3% | Mem: 18.9% | Disk: 16.1% | Net: RX 0.00KB/s, TX 0.00KB/s
----------------------------------------------------
2024-08-15 17:42:04 Information - CPU: 0.2% | Mem: 18.8% | Disk: 16.1% | Net: RX 0.00KB/s, TX 0.00KB/s
----------------------------------------------------
2024-08-15 17:45:03 Information - CPU: 0.8% | Mem: 18.8% | Disk: 16.1% | Net: RX 0.00KB/s, TX 0.00KB/s
----------------------------------------------------
2024-08-15 17:48:03 Information - CPU: 0.8% | Mem: 18.8% | Disk: 16.1% | Net: RX 0.00KB/s, TX 0.00KB/s
----------------------------------------------------
2024-08-15 17:51:03 Information - CPU: 1.3% | Mem: 18.8% | Disk: 16.1% | Net: RX 0.00KB/s, TX 0.00KB/s
----------------------------------------------------
2024-08-15 17:54:03 Information - CPU: 1.0% | Mem: 18.7% | Disk: 16.1% | Net: RX 0.00KB/s, TX 0.00KB/s
----------------------------------------------------
2024-08-15 17:57:03 Information - CPU: 0.3% | Mem: 18.8% | Disk: 16.1% | Net: RX 0.00KB/s, TX 0.00KB/s
----------------------------------------------------
2024-08-15 18:00:04 Information - CPU: 3.1% | Mem: 18.8% | Disk: 16.1% | Net: RX 0.00KB/s, TX 0.00KB/s
----------------------------------------------------
2024-08-15 18:03:03 Information - CPU: 1.3% | Mem: 18.8% | Disk: 16.1% | Net: RX 0.00KB/s, TX 0.00KB/s
----------------------------------------------------
2024-08-15 18:06:03 Information - CPU: 1.2% | Mem: 18.9% | Disk: 16.1% | Net: RX 0.00KB/s, TX 0.00KB/s
----------------------------------------------------
2024-08-15 18:09:03 Information - CPU: 1.5% | Mem: 18.9% | Disk: 16.1% | Net: RX 0.06KB/s, TX 0.06KB/s
----------------------------------------------------
2024-08-15 18:12:03 Information - CPU: 0.8% | Mem: 18.9% | Disk: 16.1% | Net: RX 0.00KB/s, TX 0.00KB/s
----------------------------------------------------
2024-08-15 18:15:03 Information - CPU: 0.8% | Mem: 18.8% | Disk: 16.1% | Net: RX 0.00KB/s, TX 0.00KB/s
----------------------------------------------------
2024-08-15 18:18:04 Information - CPU: 1.5% | Mem: 18.8% | Disk: 16.1% | Net: RX 0.00KB/s, TX 0.00KB/s
----------------------------------------------------
2024-08-15 18:21:03 Information - CPU: 1.3% | Mem: 18.8% | Disk: 16.1% | Net: RX 0.00KB/s, TX 0.00KB/s
----------------------------------------------------
2024-08-15 18:24:03 Information - CPU: 1.3% | Mem: 18.8% | Disk: 16.1% | Net: RX 0.00KB/s, TX 0.00KB/s
----------------------------------------------------
2024-08-15 18:27:03 Information - CPU: 1.9% | Mem: 18.8% | Disk: 16.1% | Net: RX 0.00KB/s, TX 0.00KB/s
----------------------------------------------------
2024-08-15 18:30:03 Information - CPU: 1.5% | Mem: 18.8% | Disk: 16.1% | Net: RX 0.00KB/s, TX 0.00KB/s
----------------------------------------------------
2024-08-15 18:33:03 Information - CPU: 1.5% | Mem: 18.8% | Disk: 16.1% | Net: RX 0.00KB/s, TX 0.00KB/s
----------------------------------------------------
2024-08-15 18:36:03 Information - CPU: 1.4% | Mem: 18.8% | Disk: 16.1% | Net: RX 0.00KB/s, TX 0.00KB/s
----------------------------------------------------
2024-08-15 18:39:04 Information - CPU: 0.3% | Mem: 18.8% | Disk: 16.1% | Net: RX 0.00KB/s, TX 0.00KB/s
----------------------------------------------------
2024-08-15 18:42:03 Information - CPU: 1.0% | Mem: 18.9% | Disk: 16.1% | Net: RX 0.00KB/s, TX 0.00KB/s
----------------------------------------------------
2024-08-15 18:45:03 Information - CPU: 1.8% | Mem: 18.9% | Disk: 16.1% | Net: RX 0.00KB/s, TX 0.00KB/s
----------------------------------------------------
2024-08-15 18:48:03 Information - CPU: 0.8% | Mem: 18.9% | Disk: 16.1% | Net: RX 0.00KB/s, TX 0.00KB/s
----------------------------------------------------
2024-08-15 18:51:03 Information - CPU: 1.0% | Mem: 18.7% | Disk: 16.1% | Net: RX 0.00KB/s, TX 0.00KB/s
----------------------------------------------------
2024-08-15 18:54:03 Information - CPU: 0.8% | Mem: 18.8% | Disk: 16.1% | Net: RX 0.00KB/s, TX 0.00KB/s
----------------------------------------------------
2024-08-15 18:57:03 Information - CPU: 1.0% | Mem: 18.9% | Disk: 16.1% | Net: RX 0.00KB/s, TX 0.00KB/s
----------------------------------------------------
2024-08-15 19:00:03 Information - CPU: 0.5% | Mem: 18.9% | Disk: 16.1% | Net: RX 0.00KB/s, TX 0.00KB/s
----------------------------------------------------
2024-08-15 19:03:04 Information - CPU: 0.8% | Mem: 18.9% | Disk: 16.1% | Net: RX 0.00KB/s, TX 0.00KB/s
----------------------------------------------------
2024-08-15 19:06:03 Information - CPU: 1.3% | Mem: 18.8% | Disk: 16.1% | Net: RX 0.00KB/s, TX 0.00KB/s
----------------------------------------------------
2024-08-15 19:09:03 Information - CPU: 1.7% | Mem: 18.9% | Disk: 16.1% | Net: RX 0.06KB/s, TX 0.06KB/s
----------------------------------------------------
2024-08-15 19:12:03 Information - CPU: 1.6% | Mem: 18.8% | Disk: 16.1% | Net: RX 0.00KB/s, TX 0.00KB/s
----------------------------------------------------
2024-08-15 19:15:03 Information - CPU: 2.0% | Mem: 18.8% | Disk: 16.1% | Net: RX 0.00KB/s, TX 0.00KB/s
----------------------------------------------------
2024-08-15 19:18:04 Information - CPU: 1.5% | Mem: 18.8% | Disk: 16.1% | Net: RX 0.00KB/s, TX 0.00KB/s
----------------------------------------------------
2024-08-15 19:21:03 Information - CPU: 2.3% | Mem: 18.7% | Disk: 16.1% | Net: RX 0.00KB/s, TX 0.00KB/s
----------------------------------------------------
2024-08-15 19:24:03 Information - CPU: 1.3% | Mem: 18.8% | Disk: 16.1% | Net: RX 0.00KB/s, TX 0.00KB/s
----------------------------------------------------
2024-08-15 19:27:03 Information - CPU: 1.1% | Mem: 18.9% | Disk: 16.1% | Net: RX 0.00KB/s, TX 0.00KB/s
----------------------------------------------------
2024-08-15 19:30:04 Information - CPU: 1.8% | Mem: 18.8% | Disk: 16.1% | Net: RX 0.00KB/s, TX 0.00KB/s
----------------------------------------------------
2024-08-15 19:33:03 Information - CPU: 2.9% | Mem: 18.7% | Disk: 16.1% | Net: RX 0.00KB/s, TX 0.00KB/s
----------------------------------------------------
2024-08-15 19:36:03 Information - CPU: 1.6% | Mem: 18.8% | Disk: 16.1% | Net: RX 0.00KB/s, TX 0.00KB/s
----------------------------------------------------
2024-08-15 19:39:03 Information - CPU: 1.8% | Mem: 18.8% | Disk: 16.1% | Net: RX 0.00KB/s, TX 0.00KB/s
----------------------------------------------------
2024-08-15 19:42:03 Information - CPU: 1.0% | Mem: 18.8% | Disk: 16.1% | Net: RX 0.00KB/s, TX 0.00KB/s
----------------------------------------------------
2024-08-15 19:45:04 Information - CPU: 2.6% | Mem: 18.8% | Disk: 16.1% | Net: RX 0.00KB/s, TX 0.00KB/s
----------------------------------------------------
2024-08-15 19:48:03 Information - CPU: 3.1% | Mem: 18.8% | Disk: 16.1% | Net: RX 0.00KB/s, TX 0.00KB/s
----------------------------------------------------
2024-08-15 19:51:03 Information - CPU: 2.0% | Mem: 18.9% | Disk: 16.1% | Net: RX 0.00KB/s, TX 0.00KB/s
----------------------------------------------------
2024-08-15 19:54:03 Information - CPU: 2.6% | Mem: 18.9% | Disk: 16.1% | Net: RX 0.00KB/s, TX 0.00KB/s
----------------------------------------------------
2024-08-15 19:57:04 Information - CPU: 1.8% | Mem: 18.8% | Disk: 16.1% | Net: RX 0.00KB/s, TX 0.00KB/s
----------------------------------------------------
2024-08-15 20:00:03 Information - CPU: 2.1% | Mem: 18.8% | Disk: 16.1% | Net: RX 0.00KB/s, TX 0.00KB/s
----------------------------------------------------
2024-08-15 20:03:03 Information - CPU: 2.4% | Mem: 18.8% | Disk: 16.1% | Net: RX 0.00KB/s, TX 0.00KB/s
----------------------------------------------------
2024-08-15 20:06:03 Information - CPU: 1.8% | Mem: 18.8% | Disk: 16.1% | Net: RX 0.00KB/s, TX 0.00KB/s
----------------------------------------------------
2024-08-15 20:09:03 Information - CPU: 2.6% | Mem: 18.8% | Disk: 16.1% | Net: RX 0.06KB/s, TX 0.06KB/s
----------------------------------------------------
2024-08-15 20:12:04 Information - CPU: 1.6% | Mem: 18.7% | Disk: 16.1% | Net: RX 0.00KB/s, TX 0.00KB/s
----------------------------------------------------
2024-08-15 20:15:03 Information - CPU: 1.3% | Mem: 18.8% | Disk: 16.1% | Net: RX 0.00KB/s, TX 0.00KB/s
----------------------------------------------------
2024-08-15 20:18:03 Information - CPU: 2.9% | Mem: 18.7% | Disk: 16.1% | Net: RX 0.00KB/s, TX 0.00KB/s
----------------------------------------------------
2024-08-15 20:21:03 Information - CPU: 1.5% | Mem: 18.8% | Disk: 16.1% | Net: RX 0.00KB/s, TX 0.00KB/s
----------------------------------------------------
2024-08-15 20:24:04 Information - CPU: 0.8% | Mem: 18.9% | Disk: 16.1% | Net: RX 0.00KB/s, TX 0.00KB/s
----------------------------------------------------
2024-08-15 20:27:03 Information - CPU: 1.5% | Mem: 18.9% | Disk: 16.1% | Net: RX 0.00KB/s, TX 0.00KB/s
----------------------------------------------------
2024-08-15 20:30:03 Information - CPU: 1.5% | Mem: 18.8% | Disk: 16.1% | Net: RX 0.00KB/s, TX 0.00KB/s
----------------------------------------------------
2024-08-15 20:33:04 Information - CPU: 3.5% | Mem: 18.7% | Disk: 16.1% | Net: RX 0.00KB/s, TX 0.00KB/s
----------------------------------------------------
2024-08-15 20:36:03 Information - CPU: 1.3% | Mem: 18.8% | Disk: 16.1% | Net: RX 0.00KB/s, TX 0.00KB/s
----------------------------------------------------
2024-08-15 20:39:03 Information - CPU: 3.2% | Mem: 18.8% | Disk: 16.1% | Net: RX 0.00KB/s, TX 0.00KB/s
----------------------------------------------------
2024-08-15 20:42:03 Information - CPU: 2.4% | Mem: 18.8% | Disk: 16.1% | Net: RX 0.00KB/s, TX 0.00KB/s
----------------------------------------------------
2024-08-15 20:45:03 Information - CPU: 2.2% | Mem: 18.8% | Disk: 16.1% | Net: RX 0.00KB/s, TX 0.00KB/s
----------------------------------------------------
2024-08-15 20:48:04 Information - CPU: 2.7% | Mem: 18.8% | Disk: 16.1% | Net: RX 0.00KB/s, TX 0.00KB/s
----------------------------------------------------
2024-08-15 20:51:03 Information - CPU: 3.2% | Mem: 18.8% | Disk: 16.1% | Net: RX 0.00KB/s, TX 0.00KB/s
----------------------------------------------------
2024-08-15 20:54:03 Information - CPU: 3.2% | Mem: 18.7% | Disk: 16.1% | Net: RX 0.00KB/s, TX 0.00KB/s
----------------------------------------------------
2024-08-15 20:57:03 Information - CPU: 1.7% | Mem: 18.8% | Disk: 16.1% | Net: RX 0.00KB/s, TX 0.00KB/s
----------------------------------------------------
2024-08-15 21:00:04 Information - CPU: 3.1% | Mem: 18.8% | Disk: 16.1% | Net: RX 0.00KB/s, TX 0.00KB/s
----------------------------------------------------
2024-08-15 21:03:03 Information - CPU: 3.2% | Mem: 18.9% | Disk: 16.1% | Net: RX 6.98KB/s, TX 0.83KB/s
----------------------------------------------------
2024-08-15 21:06:03 Information - CPU: 2.1% | Mem: 18.6% | Disk: 16.1% | Net: RX 0.00KB/s, TX 0.00KB/s
----------------------------------------------------
2024-08-15 21:09:03 Information - CPU: 2.3% | Mem: 18.6% | Disk: 16.1% | Net: RX 0.00KB/s, TX 0.00KB/s
----------------------------------------------------
2024-08-15 21:12:03 Information - CPU: 1.3% | Mem: 18.5% | Disk: 16.1% | Net: RX 0.00KB/s, TX 0.00KB/s
----------------------------------------------------
2024-08-15 21:15:04 Information - CPU: 1.8% | Mem: 18.5% | Disk: 16.1% | Net: RX 0.00KB/s, TX 0.00KB/s
----------------------------------------------------
2024-08-15 21:18:03 Information - CPU: 2.6% | Mem: 18.6% | Disk: 16.1% | Net: RX 0.00KB/s, TX 0.00KB/s
----------------------------------------------------
2024-08-15 21:21:03 Information - CPU: 0.8% | Mem: 18.7% | Disk: 16.1% | Net: RX 0.00KB/s, TX 0.00KB/s
----------------------------------------------------
2024-08-15 21:24:04 Information - CPU: 0.8% | Mem: 18.6% | Disk: 16.1% | Net: RX 0.00KB/s, TX 0.00KB/s
----------------------------------------------------
2024-08-15 21:27:03 Information - CPU: 2.3% | Mem: 18.6% | Disk: 16.1% | Net: RX 0.00KB/s, TX 0.00KB/s
----------------------------------------------------
2024-08-15 21:30:03 Information - CPU: 1.5% | Mem: 18.6% | Disk: 16.1% | Net: RX 0.00KB/s, TX 0.00KB/s
----------------------------------------------------
2024-08-15 21:33:04 Information - CPU: 2.1% | Mem: 18.6% | Disk: 16.1% | Net: RX 0.00KB/s, TX 0.00KB/s
----------------------------------------------------
2024-08-15 21:36:03 Information - CPU: 3.4% | Mem: 18.6% | Disk: 16.1% | Net: RX 0.00KB/s, TX 0.00KB/s
----------------------------------------------------
2024-08-15 21:39:03 Information - CPU: 2.7% | Mem: 18.6% | Disk: 16.1% | Net: RX 0.00KB/s, TX 0.00KB/s
----------------------------------------------------
2024-08-15 21:42:03 Information - CPU: 1.8% | Mem: 18.6% | Disk: 16.1% | Net: RX 0.00KB/s, TX 0.00KB/s
----------------------------------------------------
2024-08-15 21:45:04 Information - CPU: 1.3% | Mem: 18.6% | Disk: 16.1% | Net: RX 0.00KB/s, TX 0.00KB/s
----------------------------------------------------
2024-08-15 21:48:03 Information - CPU: 2.1% | Mem: 18.7% | Disk: 16.1% | Net: RX 0.00KB/s, TX 0.00KB/s
----------------------------------------------------
2024-08-15 21:51:03 Information - CPU: 1.1% | Mem: 18.7% | Disk: 16.1% | Net: RX 0.00KB/s, TX 0.00KB/s
----------------------------------------------------
2024-08-15 21:54:03 Information - CPU: 1.3% | Mem: 18.7% | Disk: 16.1% | Net: RX 0.00KB/s, TX 0.00KB/s
----------------------------------------------------
2024-08-15 21:57:03 Information - CPU: 2.4% | Mem: 19.2% | Disk: 16.1% | Net: RX 0.00KB/s, TX 0.00KB/s
----------------------------------------------------
2024-08-15 22:00:04 Information - CPU: 1.9% | Mem: 19.1% | Disk: 16.1% | Net: RX 0.00KB/s, TX 0.00KB/s
----------------------------------------------------
2024-08-16 06:54:24 Information - CPU: 46.0% | Mem: 18.8% | Disk: 16.1% | Net: RX 0.24KB/s, TX 0.27KB/s
----------------------------------------------------
2024-08-17 13:18:03 Information - CPU: 31.2% | Mem: 19.5% | Disk: 16.1% | Net: RX 37.14KB/s, TX 4.79KB/s
----------------------------------------------------
2024-08-17 13:21:03 Information - CPU: 0.3% | Mem: 19.4% | Disk: 16.1% | Net: RX 0.00KB/s, TX 0.00KB/s
----------------------------------------------------
2024-08-17 13:24:03 Information - CPU: 0.3% | Mem: 19.4% | Disk: 16.1% | Net: RX 0.00KB/s, TX 0.00KB/s
----------------------------------------------------
2024-08-17 13:27:03 Information - CPU: 0.8% | Mem: 19.3% | Disk: 16.1% | Net: RX 0.00KB/s, TX 0.00KB/s
----------------------------------------------------
2024-08-17 13:30:03 Information - CPU: 0.8% | Mem: 19.4% | Disk: 16.1% | Net: RX 0.00KB/s, TX 0.00KB/s
----------------------------------------------------
2024-08-17 13:33:03 Information - CPU: 1.0% | Mem: 19.4% | Disk: 16.1% | Net: RX 0.00KB/s, TX 0.00KB/s
----------------------------------------------------
2024-08-17 13:36:03 Information - CPU: 0.5% | Mem: 19.5% | Disk: 16.1% | Net: RX 0.00KB/s, TX 0.00KB/s
----------------------------------------------------
2024-08-17 13:39:03 Information - CPU: 1.0% | Mem: 19.4% | Disk: 16.1% | Net: RX 0.00KB/s, TX 0.00KB/s
----------------------------------------------------
2024-08-17 13:42:03 Information - CPU: 0.5% | Mem: 19.4% | Disk: 16.1% | Net: RX 0.00KB/s, TX 0.00KB/s
----------------------------------------------------
2024-08-17 13:45:03 Information - CPU: 0.3% | Mem: 19.4% | Disk: 16.1% | Net: RX 0.00KB/s, TX 0.00KB/s
----------------------------------------------------
2024-08-17 13:48:03 Information - CPU: 0.8% | Mem: 19.7% | Disk: 16.1% | Net: RX 0.00KB/s, TX 0.00KB/s
----------------------------------------------------
2024-08-17 13:51:03 Information - CPU: 0.5% | Mem: 19.8% | Disk: 16.1% | Net: RX 0.00KB/s, TX 0.00KB/s
----------------------------------------------------
2024-08-17 13:54:03 Information - CPU: 0.3% | Mem: 19.5% | Disk: 16.1% | Net: RX 0.00KB/s, TX 0.00KB/s
----------------------------------------------------
2024-08-17 13:57:03 Information - CPU: 21.6% | Mem: 19.9% | Disk: 16.1% | Net: RX 0.00KB/s, TX 0.00KB/s
----------------------------------------------------
Backup starting at: 2024-08-17 14:00:01 on Saturday
Backup ended at: 2024-08-17 14:00:01 on Saturday
2024-08-17 14:00:01, 2024-08-17 14:00:01, Saturday - Backup successful.
----------------------------------------------------
2024-08-17 14:00:03 Information - CPU: 9.0% | Mem: 20.0% | Disk: 16.1% | Net: RX 0.00KB/s, TX 0.00KB/s
----------------------------------------------------
2024-08-17 14:03:04 Information - CPU: 0.0% | Mem: 19.8% | Disk: 16.1% | Net: RX 0.00KB/s, TX 0.00KB/s
----------------------------------------------------
Backup starting at: 2024-08-17 14:06:01 on Saturday
Backup ended at: 2024-08-17 14:06:01 on Saturday
2024-08-17 14:06:01, 2024-08-17 14:06:01, Saturday - Backup successful.
----------------------------------------------------
2024-08-17 14:06:03 Information - CPU: 4.4% | Mem: 20.4% | Disk: 16.1% | Net: RX 0.00KB/s, TX 0.00KB/s
----------------------------------------------------
2024-08-17 14:09:03 Information - CPU: 59.7% | Mem: 20.8% | Disk: 16.1% | Net: RX 1.39KB/s, TX 5.78KB/s
----------------------------------------------------
Backup starting at: 2024-08-17 14:12:01 on Saturday
Backup ended at: 2024-08-17 14:12:01 on Saturday
2024-08-17 14:12:01, 2024-08-17 14:12:01, Saturday - Backup successful.
----------------------------------------------------
2024-08-17 14:12:03 Information - CPU: 3.3% | Mem: 20.6% | Disk: 16.1% | Net: RX 0.00KB/s, TX 0.00KB/s
----------------------------------------------------
2024-08-17 14:15:03 Information - CPU: 14.4% | Mem: 21.1% | Disk: 16.1% | Net: RX 0.00KB/s, TX 0.00KB/s
----------------------------------------------------
Backup starting at: 2024-08-17 14:18:01 on Saturday
Backup ended at: 2024-08-17 14:18:01 on Saturday
2024-08-17 14:18:01, 2024-08-17 14:18:01, Saturday - Backup successful.
----------------------------------------------------
2024-08-17 14:18:03 Information - CPU: 3.4% | Mem: 20.7% | Disk: 16.1% | Net: RX 0.06KB/s, TX 0.06KB/s
----------------------------------------------------
2024-08-17 14:22:49 Information - CPU: 74.2% | Mem: 20.6% | Disk: 16.1% | Net: RX 6.28KB/s, TX 5.71KB/s
----------------------------------------------------
2024-08-17 14:27:03 Information - CPU: 7.4% | Mem: 7.1% | Disk: 16.1% | Net: RX 0.00KB/s, TX 0.00KB/s
----------------------------------------------------
Backup starting at: 2024-08-17 14:30:01 on Saturday
Backup ended at: 2024-08-17 14:30:01 on Saturday
2024-08-17 14:30:01, 2024-08-17 14:30:01, Saturday - Backup successful.
----------------------------------------------------
2024-08-17 14:30:04 Information - CPU: 12.8% | Mem: 20.1% | Disk: 16.1% | Net: RX 0.06KB/s, TX 0.06KB/s
----------------------------------------------------
2024-08-17 14:33:03 Information - CPU: 38.8% | Mem: 18.7% | Disk: 16.1% | Net: RX 0.00KB/s, TX 0.00KB/s
----------------------------------------------------
Backup starting at: 2024-08-17 14:36:01 on Saturday
Backup ended at: 2024-08-17 14:36:01 on Saturday
2024-08-17 14:36:01, 2024-08-17 14:36:01, Saturday - Backup successful.
----------------------------------------------------
2024-08-17 14:36:03 Information - CPU: 12.3% | Mem: 18.7% | Disk: 16.1% | Net: RX 0.00KB/s, TX 0.00KB/s
----------------------------------------------------
2024-08-17 14:39:04 Information - CPU: 3.9% | Mem: 18.9% | Disk: 16.1% | Net: RX 0.00KB/s, TX 0.00KB/s
----------------------------------------------------
Backup starting at: 2024-08-17 14:42:01 on Saturday
Backup ended at: 2024-08-17 14:42:01 on Saturday
2024-08-17 14:42:01, 2024-08-17 14:42:01, Saturday - Backup successful.
----------------------------------------------------
2024-08-17 14:42:03 Information - CPU: 13.9% | Mem: 18.8% | Disk: 16.1% | Net: RX 0.00KB/s, TX 0.00KB/s
----------------------------------------------------
2024-08-17 14:45:03 Information - CPU: 25.4% | Mem: 19.1% | Disk: 16.1% | Net: RX 0.00KB/s, TX 0.00KB/s
----------------------------------------------------
2024-08-17 14:48:03 Information - CPU: 4.9% | Mem: 19.2% | Disk: 16.1% | Net: RX 0.00KB/s, TX 0.00KB/s
----------------------------------------------------
2024-08-17 14:51:04 Information - CPU: 3.9% | Mem: 19.5% | Disk: 16.1% | Net: RX 0.00KB/s, TX 0.00KB/s
----------------------------------------------------
2024-08-17 14:54:03 Information - CPU: 35.3% | Mem: 19.8% | Disk: 16.1% | Net: RX 0.00KB/s, TX 0.00KB/s
----------------------------------------------------
